<?xml version="1.0" encoding="UTF-8"?>
<!-- Generated by org.testng.reporters.JUnitXMLReporter -->
<testsuite hostname="DESKTOP-IDQFV09" ignored="18" name="Test_all" tests="12" failures="1" timestamp="2020-12-19T16:42:52 IST" time="353.678" errors="0">
  <testcase name="createAnAccount" time="5.7" classname="com.mystore.testcases.accountCreationPageTest"/>
  <testcase name="createAnAccount" time="5.642" classname="com.mystore.testcases.accountCreationPageTest"/>
  <testcase name="verifyCreateAccountPageTitle" time="7.002" classname="com.mystore.testcases.accountCreationPageTest"/>
  <testcase name="verifyCreateAccountPageTitle" time="6.798" classname="com.mystore.testcases.accountCreationPageTest"/>
  <testcase name="loginTest" time="7.789" classname="com.mystore.testcases.loginPageTest"/>
  <testcase name="addProductToCart" time="9.472" classname="com.mystore.testcases.addToCartPageTest"/>
  <testcase name="verifyWishList" time="7.822" classname="com.mystore.testcases.homePageTest"/>
  <testcase name="verifyOrderHistory" time="6.733" classname="com.mystore.testcases.homePageTest"/>
  <testcase name="proceedToOrder" time="11.588" classname="com.mystore.testcases.orderPageTest">
    <failure type="java.lang.AssertionError" message="expected [35.02] but found [68.04]">
      <![CDATA[java.lang.AssertionError: expected [35.02] but found [68.04]
at com.mystore.testcases.orderPageTest.proceedToOrder(orderPageTest.java:54)
at java.util.ArrayList.forEach(ArrayList.java:1249)
... Removed 31 stack frames]]>
    </failure>
  </testcase> <!-- proceedToOrder -->
  <testcase name="verifyLogo" time="0.144" classname="com.mystore.testcases.indexPageTest"/>
  <testcase name="verifyTitle" time="0.018" classname="com.mystore.testcases.indexPageTest"/>
  <testcase name="searchProduct" time="3.256" classname="com.mystore.testcases.searchResultPageTest"/>
  <testcase name="@AfterSuite endSetup" time="0.0" classname="com.mystore.base.BaseClass">
    <ignored/>
  </testcase> <!-- @AfterSuite endSetup -->
  <testcase name="@AfterSuite endSetup" time="0.0" classname="com.mystore.base.BaseClass">
    <ignored/>
  </testcase> <!-- @AfterSuite endSetup -->
  <testcase name="@AfterSuite endSetup" time="0.0" classname="com.mystore.base.BaseClass">
    <ignored/>
  </testcase> <!-- @AfterSuite endSetup -->
  <testcase name="@AfterSuite endSetup" time="0.0" classname="com.mystore.base.BaseClass">
    <ignored/>
  </testcase> <!-- @AfterSuite endSetup -->
  <testcase name="@AfterSuite endSetup" time="0.0" classname="com.mystore.base.BaseClass">
    <ignored/>
  </testcase> <!-- @AfterSuite endSetup -->
  <testcase name="@AfterSuite endSetup" time="0.0" classname="com.mystore.base.BaseClass">
    <ignored/>
  </testcase> <!-- @AfterSuite endSetup -->
  <testcase name="@BeforeSuite beforeSuite" time="0.0" classname="com.mystore.base.BaseClass">
    <ignored/>
  </testcase> <!-- @BeforeSuite beforeSuite -->
  <testcase name="@BeforeSuite beforeSuite" time="0.0" classname="com.mystore.base.BaseClass">
    <ignored/>
  </testcase> <!-- @BeforeSuite beforeSuite -->
  <testcase name="@BeforeSuite beforeSuite" time="0.0" classname="com.mystore.base.BaseClass">
    <ignored/>
  </testcase> <!-- @BeforeSuite beforeSuite -->
  <testcase name="@BeforeSuite beforeSuite" time="0.0" classname="com.mystore.base.BaseClass">
    <ignored/>
  </testcase> <!-- @BeforeSuite beforeSuite -->
  <testcase name="@BeforeSuite beforeSuite" time="0.0" classname="com.mystore.base.BaseClass">
    <ignored/>
  </testcase> <!-- @BeforeSuite beforeSuite -->
  <testcase name="@BeforeSuite beforeSuite" time="0.0" classname="com.mystore.base.BaseClass">
    <ignored/>
  </testcase> <!-- @BeforeSuite beforeSuite -->
  <testcase name="@BeforeTest loadConfig" time="0.0" classname="com.mystore.base.BaseClass">
    <ignored/>
  </testcase> <!-- @BeforeTest loadConfig -->
  <testcase name="@BeforeTest loadConfig" time="0.0" classname="com.mystore.base.BaseClass">
    <ignored/>
  </testcase> <!-- @BeforeTest loadConfig -->
  <testcase name="@BeforeTest loadConfig" time="0.0" classname="com.mystore.base.BaseClass">
    <ignored/>
  </testcase> <!-- @BeforeTest loadConfig -->
  <testcase name="@BeforeTest loadConfig" time="0.0" classname="com.mystore.base.BaseClass">
    <ignored/>
  </testcase> <!-- @BeforeTest loadConfig -->
  <testcase name="@BeforeTest loadConfig" time="0.0" classname="com.mystore.base.BaseClass">
    <ignored/>
  </testcase> <!-- @BeforeTest loadConfig -->
  <testcase name="@BeforeTest loadConfig" time="0.0" classname="com.mystore.base.BaseClass">
    <ignored/>
  </testcase> <!-- @BeforeTest loadConfig -->
</testsuite> <!-- Test_all -->
