<?xml version="1.0" encoding="UTF-8"?>
<testsuite xmlns:xsi="http://www.w3.org/2001/XMLSchema-instance" xsi:noNamespaceSchemaLocation="https://maven.apache.org/surefire/maven-surefire-plugin/xsd/surefire-test-report-3.0.xsd" version="3.0" name="TestSuite" time="6.541" tests="37" errors="0" skipped="30" failures="7">
  <properties>
[...]
</properties>
  <testcase name="setup" classname="com.mystore.testcases.accountCreationPageTest" time="4.786">
    <failure message="&#10;Parameter &apos;browserName&apos; is required by BeforeMethod on method setup but has not been marked @Optional or defined&#10;" type="org.testng.TestNGException"><![CDATA[org.testng.TestNGException: 

Parameter 'browserName' is required by BeforeMethod on method setup but has not been marked @Optional or defined

]]></failure>
    <system-out><![CDATA[log4j: reset attribute= "false".
log4j: Threshold ="null".
log4j: Level value for root is  [debug].
log4j: root level set to DEBUG
log4j: Class name: [org.apache.log4j.ConsoleAppender]
log4j: Setting property [target] to [System.out].
log4j: Parsing layout of class: "org.apache.log4j.PatternLayout"
log4j: Setting property [conversionPattern] to [%d{yyyy-MM-dd HH:mm:ss} %-5p %c{1}:%L - %m%n].
log4j: Adding appender named [console] to category [root].
log4j: Class name: [org.apache.log4j.RollingFileAppender]
log4j: Setting property [file] to [Logs/log4j.log].
log4j: Parsing layout of class: "org.apache.log4j.PatternLayout"
log4j: Setting property [conversionPattern] to [%d{yyyy-MM-dd HH:mm:ss} %-5p %c{1}:%L - %m%n].
log4j: setFile called: Logs/log4j.log, true
log4j: setFile ended
log4j: Adding appender named [fileAppender] to category [root].
]]></system-out>
  </testcase>
  <testcase name="setup" classname="com.mystore.testcases.accountCreationPageTest" time="0">
    <skipped/>
  </testcase>
  <testcase name="setup" classname="com.mystore.testcases.accountCreationPageTest" time="0">
    <skipped/>
  </testcase>
  <testcase name="setup" classname="com.mystore.testcases.accountCreationPageTest" time="0">
    <skipped/>
  </testcase>
  <testcase name="createAnAccount" classname="com.mystore.testcases.accountCreationPageTest" time="0">
    <skipped message="&#10;Parameter &apos;browserName&apos; is required by BeforeMethod on method setup but has not been marked @Optional or defined&#10;"/>
  </testcase>
  <testcase name="createAnAccount" classname="com.mystore.testcases.accountCreationPageTest" time="0">
    <skipped message="&#10;Parameter &apos;browserName&apos; is required by BeforeMethod on method setup but has not been marked @Optional or defined&#10;"/>
  </testcase>
  <testcase name="tearDown" classname="com.mystore.testcases.accountCreationPageTest" time="0">
    <skipped/>
  </testcase>
  <testcase name="tearDown" classname="com.mystore.testcases.accountCreationPageTest" time="0">
    <skipped/>
  </testcase>
  <testcase name="tearDown" classname="com.mystore.testcases.accountCreationPageTest" time="0">
    <skipped/>
  </testcase>
  <testcase name="tearDown" classname="com.mystore.testcases.accountCreationPageTest" time="0">
    <skipped/>
  </testcase>
  <testcase name="verifyCreateAccountPageTitle" classname="com.mystore.testcases.accountCreationPageTest" time="0">
    <skipped message="&#10;Parameter &apos;browserName&apos; is required by BeforeMethod on method setup but has not been marked @Optional or defined&#10;"/>
  </testcase>
  <testcase name="verifyCreateAccountPageTitle" classname="com.mystore.testcases.accountCreationPageTest" time="0">
    <skipped message="&#10;Parameter &apos;browserName&apos; is required by BeforeMethod on method setup but has not been marked @Optional or defined&#10;"/>
  </testcase>
  <testcase name="endSetup" classname="com.mystore.testcases.accountCreationPageTest" time="0">
    <skipped/>
  </testcase>
  <testcase name="setup" classname="com.mystore.testcases.addToCartPageTest" time="0.173">
    <failure message="&#10;Parameter &apos;browserName&apos; is required by BeforeMethod on method setup but has not been marked @Optional or defined&#10;" type="org.testng.TestNGException"><![CDATA[org.testng.TestNGException: 

Parameter 'browserName' is required by BeforeMethod on method setup but has not been marked @Optional or defined

]]></failure>
    <system-out><![CDATA[{quantity=2.0, size=M, searchproduct=T-Shirt}
]]></system-out>
  </testcase>
  <testcase name="addProductToCart" classname="com.mystore.testcases.addToCartPageTest" time="0">
    <skipped message="&#10;Parameter &apos;browserName&apos; is required by BeforeMethod on method setup but has not been marked @Optional or defined&#10;"/>
  </testcase>
  <testcase name="tearDown" classname="com.mystore.testcases.addToCartPageTest" time="0">
    <skipped/>
  </testcase>
  <testcase name="setup" classname="com.mystore.testcases.homePageTest" time="0.003">
    <failure message="&#10;Parameter &apos;browserName&apos; is required by BeforeMethod on method setup but has not been marked @Optional or defined&#10;" type="org.testng.TestNGException"><![CDATA[org.testng.TestNGException: 

Parameter 'browserName' is required by BeforeMethod on method setup but has not been marked @Optional or defined

]]></failure>
  </testcase>
  <testcase name="setup" classname="com.mystore.testcases.homePageTest" time="0">
    <skipped/>
  </testcase>
  <testcase name="verifyWishList" classname="com.mystore.testcases.homePageTest" time="0">
    <skipped message="&#10;Parameter &apos;browserName&apos; is required by BeforeMethod on method setup but has not been marked @Optional or defined&#10;"/>
  </testcase>
  <testcase name="tearDown" classname="com.mystore.testcases.homePageTest" time="0">
    <skipped/>
  </testcase>
  <testcase name="tearDown" classname="com.mystore.testcases.homePageTest" time="0">
    <skipped/>
  </testcase>
  <testcase name="verifyOrderHistory" classname="com.mystore.testcases.homePageTest" time="0">
    <skipped message="&#10;Parameter &apos;browserName&apos; is required by BeforeMethod on method setup but has not been marked @Optional or defined&#10;"/>
  </testcase>
  <testcase name="setup" classname="com.mystore.testcases.indexPageTest" time="0.003">
    <failure message="&#10;Parameter &apos;browserName&apos; is required by BeforeMethod on method setup but has not been marked @Optional or defined&#10;" type="org.testng.TestNGException"><![CDATA[org.testng.TestNGException: 

Parameter 'browserName' is required by BeforeMethod on method setup but has not been marked @Optional or defined

]]></failure>
  </testcase>
  <testcase name="setup" classname="com.mystore.testcases.indexPageTest" time="0">
    <skipped/>
  </testcase>
  <testcase name="verifyLogo" classname="com.mystore.testcases.indexPageTest" time="0">
    <skipped message="&#10;Parameter &apos;browserName&apos; is required by BeforeMethod on method setup but has not been marked @Optional or defined&#10;"/>
  </testcase>
  <testcase name="tearDown" classname="com.mystore.testcases.indexPageTest" time="0">
    <skipped/>
  </testcase>
  <testcase name="tearDown" classname="com.mystore.testcases.indexPageTest" time="0">
    <skipped/>
  </testcase>
  <testcase name="verifyTitle" classname="com.mystore.testcases.indexPageTest" time="0">
    <skipped message="&#10;Parameter &apos;browserName&apos; is required by BeforeMethod on method setup but has not been marked @Optional or defined&#10;"/>
  </testcase>
  <testcase name="setup" classname="com.mystore.testcases.loginPageTest" time="0.193">
    <failure message="&#10;Parameter &apos;browserName&apos; is required by BeforeMethod on method setup but has not been marked @Optional or defined&#10;" type="org.testng.TestNGException"><![CDATA[org.testng.TestNGException: 

Parameter 'browserName' is required by BeforeMethod on method setup but has not been marked @Optional or defined

]]></failure>
  </testcase>
  <testcase name="loginTest" classname="com.mystore.testcases.loginPageTest" time="0">
    <skipped message="&#10;Parameter &apos;browserName&apos; is required by BeforeMethod on method setup but has not been marked @Optional or defined&#10;"/>
  </testcase>
  <testcase name="tearDown" classname="com.mystore.testcases.loginPageTest" time="0">
    <skipped/>
  </testcase>
  <testcase name="setup" classname="com.mystore.testcases.orderPageTest" time="0.069">
    <failure message="&#10;Parameter &apos;browserName&apos; is required by BeforeMethod on method setup but has not been marked @Optional or defined&#10;" type="org.testng.TestNGException"><![CDATA[org.testng.TestNGException: 

Parameter 'browserName' is required by BeforeMethod on method setup but has not been marked @Optional or defined

]]></failure>
    <system-out><![CDATA[{quantity=2.0, size=M, searchproduct=T-Shirt}
]]></system-out>
  </testcase>
  <testcase name="proceedToOrder" classname="com.mystore.testcases.orderPageTest" time="0">
    <skipped message="&#10;Parameter &apos;browserName&apos; is required by BeforeMethod on method setup but has not been marked @Optional or defined&#10;"/>
  </testcase>
  <testcase name="tearDown" classname="com.mystore.testcases.orderPageTest" time="0">
    <skipped/>
  </testcase>
  <testcase name="setup" classname="com.mystore.testcases.searchResultPageTest" time="0.061">
    <failure message="&#10;Parameter &apos;browserName&apos; is required by BeforeMethod on method setup but has not been marked @Optional or defined&#10;" type="org.testng.TestNGException"><![CDATA[org.testng.TestNGException: 

Parameter 'browserName' is required by BeforeMethod on method setup but has not been marked @Optional or defined

]]></failure>
    <system-out><![CDATA[{quantity=2.0, size=M, searchproduct=T-Shirt}
]]></system-out>
  </testcase>
  <testcase name="searchProduct" classname="com.mystore.testcases.searchResultPageTest" time="0">
    <skipped message="&#10;Parameter &apos;browserName&apos; is required by BeforeMethod on method setup but has not been marked @Optional or defined&#10;"/>
  </testcase>
  <testcase name="tearDown" classname="com.mystore.testcases.searchResultPageTest" time="0">
    <skipped/>
  </testcase>
</testsuite>