-------------------------------------------------------------------------------
Test set: TestSuite
-------------------------------------------------------------------------------
Tests run: 37, Failures: 7, Errors: 0, Skipped: 30, Time elapsed: 6.541 s <<< FAILURE! - in TestSuite
com.mystore.testcases.accountCreationPageTest.setup  Time elapsed: 4.786 s  <<< FAILURE!
org.testng.TestNGException: 

Parameter 'browserName' is required by BeforeMethod on method setup but has not been marked @Optional or defined


com.mystore.testcases.addToCartPageTest.setup  Time elapsed: 0.173 s  <<< FAILURE!
org.testng.TestNGException: 

Parameter 'browserName' is required by BeforeMethod on method setup but has not been marked @Optional or defined


com.mystore.testcases.homePageTest.setup  Time elapsed: 0.003 s  <<< FAILURE!
org.testng.TestNGException: 

Parameter 'browserName' is required by BeforeMethod on method setup but has not been marked @Optional or defined


com.mystore.testcases.indexPageTest.setup  Time elapsed: 0.003 s  <<< FAILURE!
org.testng.TestNGException: 

Parameter 'browserName' is required by BeforeMethod on method setup but has not been marked @Optional or defined


com.mystore.testcases.loginPageTest.setup  Time elapsed: 0.193 s  <<< FAILURE!
org.testng.TestNGException: 

Parameter 'browserName' is required by BeforeMethod on method setup but has not been marked @Optional or defined


com.mystore.testcases.orderPageTest.setup  Time elapsed: 0.069 s  <<< FAILURE!
org.testng.TestNGException: 

Parameter 'browserName' is required by BeforeMethod on method setup but has not been marked @Optional or defined


com.mystore.testcases.searchResultPageTest.setup  Time elapsed: 0.061 s  <<< FAILURE!
org.testng.TestNGException: 

Parameter 'browserName' is required by BeforeMethod on method setup but has not been marked @Optional or defined


