<?xml version="1.0" encoding="UTF-8"?>
<testng-results skipped="0" failed="1" ignored="18" total="30" passed="11">
  <reporter-output>
  </reporter-output>
  <suite name="Suite" duration-ms="353678" started-at="2020-12-19T16:36:58 IST" finished-at="2020-12-19T16:42:51 IST">
    <groups>
      <group name="Sanity">
        <method signature="loginPageTest.loginTest(java.lang.String)[pri:0, instance:com.mystore.testcases.loginPageTest@2bbf4b8b]" name="loginTest" class="com.mystore.testcases.loginPageTest"/>
      </group> <!-- Sanity -->
      <group name="Regression">
        <method signature="addToCartPageTest.addProductToCart(java.util.Map)[pri:0, instance:com.mystore.testcases.addToCartPageTest@30a3107a]" name="addProductToCart" class="com.mystore.testcases.addToCartPageTest"/>
        <method signature="orderPageTest.proceedToOrder(java.util.Map)[pri:0, instance:com.mystore.testcases.orderPageTest@34c4973]" name="proceedToOrder" class="com.mystore.testcases.orderPageTest"/>
      </group> <!-- Regression -->
      <group name="Smoke">
        <method signature="indexPageTest.verifyLogo()[pri:1, instance:com.mystore.testcases.indexPageTest@52feb982]" name="verifyLogo" class="com.mystore.testcases.indexPageTest"/>
        <method signature="indexPageTest.verifyTitle(java.lang.String)[pri:2, instance:com.mystore.testcases.indexPageTest@52feb982]" name="verifyTitle" class="com.mystore.testcases.indexPageTest"/>
        <method signature="loginPageTest.loginTest(java.lang.String)[pri:0, instance:com.mystore.testcases.loginPageTest@2bbf4b8b]" name="loginTest" class="com.mystore.testcases.loginPageTest"/>
      </group> <!-- Smoke -->
    </groups>
    <test name="Test_all" duration-ms="353678" started-at="2020-12-19T16:36:58 IST" finished-at="2020-12-19T16:42:51 IST">
      <class name="com.mystore.testcases.searchResultPageTest">
        <test-method status="PASS" signature="setup(java.lang.String)[pri:0, instance:com.mystore.testcases.searchResultPageTest@7a765367]" name="setup" is-config="true" duration-ms="15767" started-at="2020-12-19T16:42:32 IST" finished-at="2020-12-19T16:42:48 IST">
          <params>
            <param index="0">
              <value>
                <![CDATA[Chrome]]>
              </value>
            </param>
          </params>
          <reporter-output>
          </reporter-output>
        </test-method> <!-- setup -->
        <test-method status="PASS" signature="searchProduct(java.util.Map)[pri:0, instance:com.mystore.testcases.searchResultPageTest@7a765367]" name="searchProduct" duration-ms="3256" started-at="2020-12-19T16:42:48 IST" data-provider="getTestDataFromExcel" finished-at="2020-12-19T16:42:51 IST">
          <params>
            <param index="0">
              <value>
                <![CDATA[{searchproduct=T-Shirt, quantity=2.0, size=M}]]>
              </value>
            </param>
          </params>
          <reporter-output>
          </reporter-output>
        </test-method> <!-- searchProduct -->
        <test-method status="PASS" signature="tearDown()[pri:0, instance:com.mystore.testcases.searchResultPageTest@7a765367]" name="tearDown" is-config="true" duration-ms="165" started-at="2020-12-19T16:42:51 IST" finished-at="2020-12-19T16:42:51 IST">
          <reporter-output>
          </reporter-output>
        </test-method> <!-- tearDown -->
      </class> <!-- com.mystore.testcases.searchResultPageTest -->
      <class name="com.mystore.testcases.homePageTest">
        <test-method status="PASS" signature="setup(java.lang.String)[pri:0, instance:com.mystore.testcases.homePageTest@33c7e1bb]" name="setup" is-config="true" duration-ms="16265" started-at="2020-12-19T16:40:16 IST" finished-at="2020-12-19T16:40:33 IST">
          <params>
            <param index="0">
              <value>
                <![CDATA[Chrome]]>
              </value>
            </param>
          </params>
          <reporter-output>
          </reporter-output>
        </test-method> <!-- setup -->
        <test-method status="PASS" signature="verifyWishList()[pri:1, instance:com.mystore.testcases.homePageTest@33c7e1bb]" name="verifyWishList" duration-ms="7822" started-at="2020-12-19T16:40:33 IST" finished-at="2020-12-19T16:40:41 IST">
          <reporter-output>
          </reporter-output>
        </test-method> <!-- verifyWishList -->
        <test-method status="PASS" signature="tearDown()[pri:0, instance:com.mystore.testcases.homePageTest@33c7e1bb]" name="tearDown" is-config="true" duration-ms="187" started-at="2020-12-19T16:40:41 IST" finished-at="2020-12-19T16:40:41 IST">
          <reporter-output>
          </reporter-output>
        </test-method> <!-- tearDown -->
        <test-method status="PASS" signature="setup(java.lang.String)[pri:0, instance:com.mystore.testcases.homePageTest@33c7e1bb]" name="setup" is-config="true" duration-ms="19912" started-at="2020-12-19T16:40:41 IST" finished-at="2020-12-19T16:41:01 IST">
          <params>
            <param index="0">
              <value>
                <![CDATA[Chrome]]>
              </value>
            </param>
          </params>
          <reporter-output>
          </reporter-output>
        </test-method> <!-- setup -->
        <test-method status="PASS" signature="verifyOrderHistory()[pri:2, instance:com.mystore.testcases.homePageTest@33c7e1bb]" name="verifyOrderHistory" duration-ms="6733" started-at="2020-12-19T16:41:01 IST" finished-at="2020-12-19T16:41:07 IST">
          <reporter-output>
          </reporter-output>
        </test-method> <!-- verifyOrderHistory -->
        <test-method status="PASS" signature="tearDown()[pri:0, instance:com.mystore.testcases.homePageTest@33c7e1bb]" name="tearDown" is-config="true" duration-ms="200" started-at="2020-12-19T16:41:07 IST" finished-at="2020-12-19T16:41:08 IST">
          <reporter-output>
          </reporter-output>
        </test-method> <!-- tearDown -->
      </class> <!-- com.mystore.testcases.homePageTest -->
      <class name="com.mystore.testcases.orderPageTest">
        <test-method status="PASS" signature="setup(java.lang.String)[pri:0, instance:com.mystore.testcases.orderPageTest@34c4973]" name="setup" is-config="true" duration-ms="23550" started-at="2020-12-19T16:41:08 IST" finished-at="2020-12-19T16:41:31 IST">
          <params>
            <param index="0">
              <value>
                <![CDATA[Chrome]]>
              </value>
            </param>
          </params>
          <reporter-output>
          </reporter-output>
        </test-method> <!-- setup -->
        <test-method status="FAIL" signature="proceedToOrder(java.util.Map)[pri:0, instance:com.mystore.testcases.orderPageTest@34c4973]" name="proceedToOrder" duration-ms="11588" started-at="2020-12-19T16:41:31 IST" data-provider="getTestDataFromExcel" finished-at="2020-12-19T16:41:43 IST">
          <params>
            <param index="0">
              <value>
                <![CDATA[{searchproduct=T-Shirt, quantity=2.0, size=M}]]>
              </value>
            </param>
          </params>
          <exception class="java.lang.AssertionError">
            <message>
              <![CDATA[expected [35.02] but found [68.04]]]>
            </message>
            <full-stacktrace>
              <![CDATA[java.lang.AssertionError: expected [35.02] but found [68.04]
at org.testng.Assert.fail(Assert.java:97)
at org.testng.Assert.failNotEquals(Assert.java:969)
at org.testng.Assert.assertEquals(Assert.java:640)
at org.testng.Assert.assertEquals(Assert.java:651)
at com.mystore.testcases.orderPageTest.proceedToOrder(orderPageTest.java:54)
at sun.reflect.NativeMethodAccessorImpl.invoke0(Native Method)
at sun.reflect.NativeMethodAccessorImpl.invoke(NativeMethodAccessorImpl.java:62)
at sun.reflect.DelegatingMethodAccessorImpl.invoke(DelegatingMethodAccessorImpl.java:43)
at java.lang.reflect.Method.invoke(Method.java:498)
at org.testng.internal.MethodInvocationHelper.invokeMethod(MethodInvocationHelper.java:134)
at org.testng.internal.TestInvoker.invokeMethod(TestInvoker.java:597)
at org.testng.internal.TestInvoker.invokeTestMethod(TestInvoker.java:173)
at org.testng.internal.MethodRunner.runInSequence(MethodRunner.java:46)
at org.testng.internal.TestInvoker$MethodInvocationAgent.invoke(TestInvoker.java:816)
at org.testng.internal.TestInvoker.invokeTestMethods(TestInvoker.java:146)
at org.testng.internal.TestMethodWorker.invokeTestMethods(TestMethodWorker.java:146)
at org.testng.internal.TestMethodWorker.run(TestMethodWorker.java:128)
at java.util.ArrayList.forEach(ArrayList.java:1249)
at org.testng.TestRunner.privateRun(TestRunner.java:766)
at org.testng.TestRunner.run(TestRunner.java:587)
at org.testng.SuiteRunner.runTest(SuiteRunner.java:384)
at org.testng.SuiteRunner.runSequentially(SuiteRunner.java:378)
at org.testng.SuiteRunner.privateRun(SuiteRunner.java:337)
at org.testng.SuiteRunner.run(SuiteRunner.java:286)
at org.testng.SuiteRunnerWorker.runSuite(SuiteRunnerWorker.java:53)
at org.testng.SuiteRunnerWorker.run(SuiteRunnerWorker.java:96)
at org.testng.TestNG.runSuitesSequentially(TestNG.java:1187)
at org.testng.TestNG.runSuitesLocally(TestNG.java:1109)
at org.testng.TestNG.runSuites(TestNG.java:1039)
at org.testng.TestNG.run(TestNG.java:1007)
at org.testng.remote.AbstractRemoteTestNG.run(AbstractRemoteTestNG.java:115)
at org.testng.remote.RemoteTestNG.initAndRun(RemoteTestNG.java:251)
at org.testng.remote.RemoteTestNG.main(RemoteTestNG.java:77)
]]>
            </full-stacktrace>
          </exception> <!-- java.lang.AssertionError -->
          <reporter-output>
          </reporter-output>
        </test-method> <!-- proceedToOrder -->
        <test-method status="PASS" signature="tearDown()[pri:0, instance:com.mystore.testcases.orderPageTest@34c4973]" name="tearDown" is-config="true" duration-ms="2232" started-at="2020-12-19T16:41:44 IST" finished-at="2020-12-19T16:41:46 IST">
          <reporter-output>
          </reporter-output>
        </test-method> <!-- tearDown -->
      </class> <!-- com.mystore.testcases.orderPageTest -->
      <class name="com.mystore.testcases.accountCreationPageTest">
        <test-method status="PASS" signature="beforeSuite()[pri:0, instance:com.mystore.testcases.accountCreationPageTest@1563da5]" name="beforeSuite" is-config="true" duration-ms="869" started-at="2020-12-19T16:36:57 IST" finished-at="2020-12-19T16:36:58 IST">
          <reporter-output>
          </reporter-output>
        </test-method> <!-- beforeSuite -->
        <test-method status="PASS" signature="loadConfig()[pri:0, instance:com.mystore.testcases.accountCreationPageTest@1563da5]" name="loadConfig" is-config="true" duration-ms="1" started-at="2020-12-19T16:36:58 IST" finished-at="2020-12-19T16:36:58 IST">
          <reporter-output>
          </reporter-output>
        </test-method> <!-- loadConfig -->
        <test-method status="PASS" signature="setup(java.lang.String)[pri:0, instance:com.mystore.testcases.accountCreationPageTest@1563da5]" name="setup" is-config="true" duration-ms="42832" started-at="2020-12-19T16:37:00 IST" finished-at="2020-12-19T16:37:43 IST">
          <params>
            <param index="0">
              <value>
                <![CDATA[Chrome]]>
              </value>
            </param>
          </params>
          <reporter-output>
          </reporter-output>
        </test-method> <!-- setup -->
        <test-method status="PASS" signature="createAnAccount(java.lang.String)[pri:1, instance:com.mystore.testcases.accountCreationPageTest@1563da5]" name="createAnAccount" duration-ms="5700" started-at="2020-12-19T16:37:43 IST" data-provider="createAccEmail" finished-at="2020-12-19T16:37:49 IST">
          <params>
            <param index="0">
              <value>
                <![CDATA[mangest.hh@gmail.com]]>
              </value>
            </param>
          </params>
          <reporter-output>
          </reporter-output>
        </test-method> <!-- createAnAccount -->
        <test-method status="PASS" signature="tearDown()[pri:0, instance:com.mystore.testcases.accountCreationPageTest@1563da5]" name="tearDown" is-config="true" duration-ms="323" started-at="2020-12-19T16:37:49 IST" finished-at="2020-12-19T16:37:49 IST">
          <reporter-output>
          </reporter-output>
        </test-method> <!-- tearDown -->
        <test-method status="PASS" signature="setup(java.lang.String)[pri:0, instance:com.mystore.testcases.accountCreationPageTest@1563da5]" name="setup" is-config="true" duration-ms="19032" started-at="2020-12-19T16:37:49 IST" finished-at="2020-12-19T16:38:08 IST">
          <params>
            <param index="0">
              <value>
                <![CDATA[Chrome]]>
              </value>
            </param>
          </params>
          <reporter-output>
          </reporter-output>
        </test-method> <!-- setup -->
        <test-method status="PASS" signature="createAnAccount(java.lang.String)[pri:1, instance:com.mystore.testcases.accountCreationPageTest@1563da5]" name="createAnAccount" duration-ms="5642" started-at="2020-12-19T16:38:08 IST" data-provider="createAccEmail" finished-at="2020-12-19T16:38:14 IST">
          <params>
            <param index="0">
              <value>
                <![CDATA[mangest.jjj@gmail.com]]>
              </value>
            </param>
          </params>
          <reporter-output>
          </reporter-output>
        </test-method> <!-- createAnAccount -->
        <test-method status="PASS" signature="tearDown()[pri:0, instance:com.mystore.testcases.accountCreationPageTest@1563da5]" name="tearDown" is-config="true" duration-ms="319" started-at="2020-12-19T16:38:14 IST" finished-at="2020-12-19T16:38:14 IST">
          <reporter-output>
          </reporter-output>
        </test-method> <!-- tearDown -->
        <test-method status="PASS" signature="setup(java.lang.String)[pri:0, instance:com.mystore.testcases.accountCreationPageTest@1563da5]" name="setup" is-config="true" duration-ms="24197" started-at="2020-12-19T16:38:15 IST" finished-at="2020-12-19T16:38:39 IST">
          <params>
            <param index="0">
              <value>
                <![CDATA[Chrome]]>
              </value>
            </param>
          </params>
          <reporter-output>
          </reporter-output>
        </test-method> <!-- setup -->
        <test-method status="PASS" signature="verifyCreateAccountPageTitle(java.lang.String)[pri:2, instance:com.mystore.testcases.accountCreationPageTest@1563da5]" name="verifyCreateAccountPageTitle" duration-ms="7002" started-at="2020-12-19T16:38:39 IST" data-provider="createAccEmail" finished-at="2020-12-19T16:38:46 IST">
          <params>
            <param index="0">
              <value>
                <![CDATA[mangest.hh@gmail.com]]>
              </value>
            </param>
          </params>
          <reporter-output>
          </reporter-output>
        </test-method> <!-- verifyCreateAccountPageTitle -->
        <test-method status="PASS" signature="tearDown()[pri:0, instance:com.mystore.testcases.accountCreationPageTest@1563da5]" name="tearDown" is-config="true" duration-ms="268" started-at="2020-12-19T16:38:46 IST" finished-at="2020-12-19T16:38:46 IST">
          <reporter-output>
          </reporter-output>
        </test-method> <!-- tearDown -->
        <test-method status="PASS" signature="setup(java.lang.String)[pri:0, instance:com.mystore.testcases.accountCreationPageTest@1563da5]" name="setup" is-config="true" duration-ms="19996" started-at="2020-12-19T16:38:46 IST" finished-at="2020-12-19T16:39:06 IST">
          <params>
            <param index="0">
              <value>
                <![CDATA[Chrome]]>
              </value>
            </param>
          </params>
          <reporter-output>
          </reporter-output>
        </test-method> <!-- setup -->
        <test-method status="PASS" signature="verifyCreateAccountPageTitle(java.lang.String)[pri:2, instance:com.mystore.testcases.accountCreationPageTest@1563da5]" name="verifyCreateAccountPageTitle" duration-ms="6798" started-at="2020-12-19T16:39:06 IST" data-provider="createAccEmail" finished-at="2020-12-19T16:39:13 IST">
          <params>
            <param index="0">
              <value>
                <![CDATA[mangest.jjj@gmail.com]]>
              </value>
            </param>
          </params>
          <reporter-output>
          </reporter-output>
        </test-method> <!-- verifyCreateAccountPageTitle -->
        <test-method status="PASS" signature="tearDown()[pri:0, instance:com.mystore.testcases.accountCreationPageTest@1563da5]" name="tearDown" is-config="true" duration-ms="258" started-at="2020-12-19T16:39:13 IST" finished-at="2020-12-19T16:39:13 IST">
          <reporter-output>
          </reporter-output>
        </test-method> <!-- tearDown -->
        <test-method status="PASS" signature="endSetup()[pri:0, instance:com.mystore.testcases.accountCreationPageTest@1563da5]" name="endSetup" is-config="true" duration-ms="1371" started-at="2020-12-19T16:42:52 IST" finished-at="2020-12-19T16:42:53 IST">
          <reporter-output>
          </reporter-output>
        </test-method> <!-- endSetup -->
      </class> <!-- com.mystore.testcases.accountCreationPageTest -->
      <class name="com.mystore.testcases.addToCartPageTest">
        <test-method status="PASS" signature="setup(java.lang.String)[pri:0, instance:com.mystore.testcases.addToCartPageTest@30a3107a]" name="setup" is-config="true" duration-ms="19283" started-at="2020-12-19T16:39:47 IST" finished-at="2020-12-19T16:40:07 IST">
          <params>
            <param index="0">
              <value>
                <![CDATA[Chrome]]>
              </value>
            </param>
          </params>
          <reporter-output>
          </reporter-output>
        </test-method> <!-- setup -->
        <test-method status="PASS" signature="addProductToCart(java.util.Map)[pri:0, instance:com.mystore.testcases.addToCartPageTest@30a3107a]" name="addProductToCart" duration-ms="9472" started-at="2020-12-19T16:40:07 IST" data-provider="getTestDataFromExcel" finished-at="2020-12-19T16:40:16 IST">
          <params>
            <param index="0">
              <value>
                <![CDATA[{searchproduct=T-Shirt, quantity=2.0, size=M}]]>
              </value>
            </param>
          </params>
          <reporter-output>
          </reporter-output>
        </test-method> <!-- addProductToCart -->
        <test-method status="PASS" signature="tearDown()[pri:0, instance:com.mystore.testcases.addToCartPageTest@30a3107a]" name="tearDown" is-config="true" duration-ms="251" started-at="2020-12-19T16:40:16 IST" finished-at="2020-12-19T16:40:16 IST">
          <reporter-output>
          </reporter-output>
        </test-method> <!-- tearDown -->
      </class> <!-- com.mystore.testcases.addToCartPageTest -->
      <class name="com.mystore.testcases.indexPageTest">
        <test-method status="PASS" signature="setup(java.lang.String)[pri:0, instance:com.mystore.testcases.indexPageTest@52feb982]" name="setup" is-config="true" duration-ms="26860" started-at="2020-12-19T16:41:46 IST" finished-at="2020-12-19T16:42:13 IST">
          <params>
            <param index="0">
              <value>
                <![CDATA[Chrome]]>
              </value>
            </param>
          </params>
          <reporter-output>
          </reporter-output>
        </test-method> <!-- setup -->
        <test-method status="PASS" signature="verifyLogo()[pri:1, instance:com.mystore.testcases.indexPageTest@52feb982]" name="verifyLogo" duration-ms="144" started-at="2020-12-19T16:42:13 IST" finished-at="2020-12-19T16:42:13 IST">
          <reporter-output>
          </reporter-output>
        </test-method> <!-- verifyLogo -->
        <test-method status="PASS" signature="tearDown()[pri:0, instance:com.mystore.testcases.indexPageTest@52feb982]" name="tearDown" is-config="true" duration-ms="138" started-at="2020-12-19T16:42:13 IST" finished-at="2020-12-19T16:42:13 IST">
          <reporter-output>
          </reporter-output>
        </test-method> <!-- tearDown -->
        <test-method status="PASS" signature="setup(java.lang.String)[pri:0, instance:com.mystore.testcases.indexPageTest@52feb982]" name="setup" is-config="true" duration-ms="18193" started-at="2020-12-19T16:42:14 IST" finished-at="2020-12-19T16:42:32 IST">
          <params>
            <param index="0">
              <value>
                <![CDATA[Chrome]]>
              </value>
            </param>
          </params>
          <reporter-output>
          </reporter-output>
        </test-method> <!-- setup -->
        <test-method status="PASS" signature="verifyTitle(java.lang.String)[pri:2, instance:com.mystore.testcases.indexPageTest@52feb982]" name="verifyTitle" duration-ms="18" started-at="2020-12-19T16:42:32 IST" data-provider="getPageTitle" finished-at="2020-12-19T16:42:32 IST">
          <params>
            <param index="0">
              <value>
                <![CDATA[My Store]]>
              </value>
            </param>
          </params>
          <reporter-output>
          </reporter-output>
        </test-method> <!-- verifyTitle -->
        <test-method status="PASS" signature="tearDown()[pri:0, instance:com.mystore.testcases.indexPageTest@52feb982]" name="tearDown" is-config="true" duration-ms="123" started-at="2020-12-19T16:42:32 IST" finished-at="2020-12-19T16:42:32 IST">
          <reporter-output>
          </reporter-output>
        </test-method> <!-- tearDown -->
      </class> <!-- com.mystore.testcases.indexPageTest -->
      <class name="com.mystore.testcases.loginPageTest">
        <test-method status="PASS" signature="setup(java.lang.String)[pri:0, instance:com.mystore.testcases.loginPageTest@2bbf4b8b]" name="setup" is-config="true" duration-ms="25945" started-at="2020-12-19T16:39:13 IST" finished-at="2020-12-19T16:39:39 IST">
          <params>
            <param index="0">
              <value>
                <![CDATA[Chrome]]>
              </value>
            </param>
          </params>
          <reporter-output>
          </reporter-output>
        </test-method> <!-- setup -->
        <test-method status="PASS" signature="loginTest(java.lang.String)[pri:0, instance:com.mystore.testcases.loginPageTest@2bbf4b8b]" name="loginTest" duration-ms="7789" started-at="2020-12-19T16:39:39 IST" data-provider="homePageUrl" finished-at="2020-12-19T16:39:47 IST">
          <params>
            <param index="0">
              <value>
                <![CDATA[http://automationpractice.com/index.php?controller=my-account]]>
              </value>
            </param>
          </params>
          <reporter-output>
          </reporter-output>
        </test-method> <!-- loginTest -->
        <test-method status="PASS" signature="tearDown()[pri:0, instance:com.mystore.testcases.loginPageTest@2bbf4b8b]" name="tearDown" is-config="true" duration-ms="152" started-at="2020-12-19T16:39:47 IST" finished-at="2020-12-19T16:39:47 IST">
          <reporter-output>
          </reporter-output>
        </test-method> <!-- tearDown -->
      </class> <!-- com.mystore.testcases.loginPageTest -->
    </test> <!-- Test_all -->
  </suite> <!-- Suite -->
</testng-results>
